android/app/build/intermediates/manifest_merge_blame_file/debug/manifest-merger-blame-debug-report.txt
1<?xml version="1.0" encoding="utf-8"?>
2<manifest xmlns:android="http://schemas.android.com/apk/res/android"
3    package="com.deliveryapp"
4    android:versionCode="1"
5    android:versionName="1.0" >
6
7    <uses-sdk
8        android:minSdkVersion="21"
9        android:targetSdkVersion="33" />
10
11    <uses-permission android:name="android.permission.SYSTEM_ALERT_WINDOW" />
11-->src/debug/AndroidManifest.xml:5:5-77
11-->src/debug/AndroidManifest.xml:5:22-75
12    <uses-permission android:name="android.permission.INTERNET" />
12-->src/main/AndroidManifest.xml:3:5-67
12-->src/main/AndroidManifest.xml:3:22-64
13    <uses-permission android:name="android.permission.ACCESS_WIFI_STATE" />
13-->[com.facebook.flipper:flipper:0.182.0] AndroidManifest.xml:16:5-76
13-->[com.facebook.flipper:flipper:0.182.0] AndroidManifest.xml:16:22-73
14
15    <application
15-->src/main/AndroidManifest.xml:5:5-35:19
16        android:name="com.deliveryapp.MainApplication"
16-->src/main/AndroidManifest.xml:6:7-38
17        android:allowBackup="false"
17-->src/main/AndroidManifest.xml:10:7-34
18        android:appComponentFactory="androidx.core.app.CoreComponentFactory"
18-->[androidx.core:core:1.8.0] AndroidManifest.xml:24:18-86
19        android:debuggable="true"
20        android:icon="@mipmap/ic_launcher"
20-->src/main/AndroidManifest.xml:8:7-41
21        android:label="@string/app_name"
21-->src/main/AndroidManifest.xml:7:7-39
22        android:roundIcon="@mipmap/ic_launcher"
22-->src/main/AndroidManifest.xml:9:7-46
23        android:theme="@style/AppTheme"
23-->src/main/AndroidManifest.xml:11:7-38
24        android:usesCleartextTraffic="true" >
24-->src/debug/AndroidManifest.xml:8:9-44
25        <activity
25-->src/debug/AndroidManifest.xml:11:9-111
26            android:name="com.facebook.react.devsupport.DevSettingsActivity"
26-->src/debug/AndroidManifest.xml:11:19-83
27            android:exported="false" />
27-->src/debug/AndroidManifest.xml:11:84-108
28        <activity
28-->src/main/AndroidManifest.xml:12:7-22:18
29            android:name="com.deliveryapp.SplashActivity"
29-->src/main/AndroidManifest.xml:13:11-41
30            android:configChanges="keyboard|keyboardHidden|orientation|screenSize"
30-->src/main/AndroidManifest.xml:15:11-81
31            android:exported="true"
31-->src/main/AndroidManifest.xml:17:11-34
32            android:label="@string/app_name"
32-->src/main/AndroidManifest.xml:14:11-43
33            android:theme="@style/SplashScreenTheme" > <!-- or android:exported="false" based on your app's requirements -->
33-->src/main/AndroidManifest.xml:16:11-51
34            <intent-filter>
34-->src/main/AndroidManifest.xml:18:11-21:27
35                <action android:name="android.intent.action.MAIN" />
35-->src/main/AndroidManifest.xml:19:15-67
35-->src/main/AndroidManifest.xml:19:23-64
36
37                <category android:name="android.intent.category.LAUNCHER" />
37-->src/main/AndroidManifest.xml:20:15-75
37-->src/main/AndroidManifest.xml:20:25-72
38            </intent-filter>
39        </activity>
40        <activity
40-->src/main/AndroidManifest.xml:23:7-34:18
41            android:name="com.deliveryapp.MainActivity"
41-->src/main/AndroidManifest.xml:24:9-37
42            android:configChanges="keyboard|keyboardHidden|orientation|screenLayout|screenSize|smallestScreenSize|uiMode"
42-->src/main/AndroidManifest.xml:26:9-118
43            android:exported="true"
43-->src/main/AndroidManifest.xml:29:9-32
44            android:label="@string/app_name"
44-->src/main/AndroidManifest.xml:25:9-41
45            android:launchMode="singleTask"
45-->src/main/AndroidManifest.xml:27:9-40
46            android:windowSoftInputMode="adjustResize" >
46-->src/main/AndroidManifest.xml:28:9-51
47
48            <!--
49        <intent-filter>
50            <action android:name="android.intent.action.MAIN" />
51            <category android:name="android.intent.category.LAUNCHER" />
52        </intent-filter>
53            -->
54        </activity>
55
56        <meta-data
56-->[com.facebook.soloader:soloader:0.10.5] AndroidManifest.xml:12:9-14:37
57            android:name="com.facebook.soloader.enabled"
57-->[com.facebook.soloader:soloader:0.10.5] AndroidManifest.xml:13:13-57
58            android:value="false" />
58-->[com.facebook.soloader:soloader:0.10.5] AndroidManifest.xml:14:13-34
59
60        <provider
60-->[androidx.emoji2:emoji2:1.2.0] AndroidManifest.xml:24:9-32:20
61            android:name="androidx.startup.InitializationProvider"
61-->[androidx.emoji2:emoji2:1.2.0] AndroidManifest.xml:25:13-67
62            android:authorities="com.deliveryapp.androidx-startup"
62-->[androidx.emoji2:emoji2:1.2.0] AndroidManifest.xml:26:13-68
63            android:exported="false" >
63-->[androidx.emoji2:emoji2:1.2.0] AndroidManifest.xml:27:13-37
64            <meta-data
64-->[androidx.emoji2:emoji2:1.2.0] AndroidManifest.xml:29:13-31:52
65                android:name="androidx.emoji2.text.EmojiCompatInitializer"
65-->[androidx.emoji2:emoji2:1.2.0] AndroidManifest.xml:30:17-75
66                android:value="androidx.startup" />
66-->[androidx.emoji2:emoji2:1.2.0] AndroidManifest.xml:31:17-49
67            <meta-data
67-->[androidx.lifecycle:lifecycle-process:2.4.1] AndroidManifest.xml:31:13-33:52
68                android:name="androidx.lifecycle.ProcessLifecycleInitializer"
68-->[androidx.lifecycle:lifecycle-process:2.4.1] AndroidManifest.xml:32:17-78
69                android:value="androidx.startup" />
69-->[androidx.lifecycle:lifecycle-process:2.4.1] AndroidManifest.xml:33:17-49
70        </provider>
71    </application>
72
73</manifest>